<?xml version="1.0" encoding="UTF-8"?>
<testng-results ignored="0" total="3" passed="3" failed="0" skipped="0">
  <reporter-output>
  </reporter-output>
  <suite started-at="2019-09-17T12:19:23Z" name="Suite" finished-at="2019-09-17T12:19:53Z" duration-ms="30187">
    <groups>
    </groups>
    <test started-at="2019-09-17T12:19:23Z" name="Test1" finished-at="2019-09-17T12:19:52Z" duration-ms="29269">
      <class name="rough.TestLogin">
        <test-method signature="doLogin(java.lang.String, java.lang.String, java.lang.String)[pri:0, instance:rough.TestLogin@7f1302d6]" started-at="2019-09-17T12:19:23Z" name="doLogin" data-provider="getData" finished-at="2019-09-17T12:19:39Z" duration-ms="16417" status="PASS">
          <params>
            <param index="0">
              <value>
                <![CDATA[admin]]>
              </value>
            </param>
            <param index="1">
              <value>
                <![CDATA[password1]]>
              </value>
            </param>
            <param index="2">
              <value>
                <![CDATA[chrome]]>
              </value>
            </param>
          </params>
          <reporter-output>
          </reporter-output>
        </test-method> <!-- doLogin -->
        <test-method signature="doLogin(java.lang.String, java.lang.String, java.lang.String)[pri:0, instance:rough.TestLogin@7f1302d6]" started-at="2019-09-17T12:19:23Z" name="doLogin" data-provider="getData" finished-at="2019-09-17T12:19:52Z" duration-ms="29221" status="PASS">
          <params>
            <param index="0">
              <value>
                <![CDATA[admin]]>
              </value>
            </param>
            <param index="1">
              <value>
                <![CDATA[password1]]>
              </value>
            </param>
            <param index="2">
              <value>
                <![CDATA[firefox]]>
              </value>
            </param>
          </params>
          <reporter-output>
          </reporter-output>
        </test-method> <!-- doLogin -->
      </class> <!-- rough.TestLogin -->
    </test> <!-- Test1 -->
    <test started-at="2019-09-17T12:19:23Z" name="Test2" finished-at="2019-09-17T12:19:53Z" duration-ms="30187">
      <class name="rough.TestLogin2">
        <test-method signature="doLogin(java.lang.String, java.lang.String, java.lang.String)[pri:0, instance:rough.TestLogin2@18ce0030]" started-at="2019-09-17T12:19:23Z" name="doLogin" data-provider="getData" finished-at="2019-09-17T12:19:53Z" duration-ms="30140" status="PASS">
          <params>
            <param index="0">
              <value>
                <![CDATA[admin1]]>
              </value>
            </param>
            <param index="1">
              <value>
                <![CDATA[password1]]>
              </value>
            </param>
            <param index="2">
              <value>
                <![CDATA[firefox]]>
              </value>
            </param>
          </params>
          <reporter-output>
          </reporter-output>
        </test-method> <!-- doLogin -->
      </class> <!-- rough.TestLogin2 -->
    </test> <!-- Test2 -->
  </suite> <!-- Suite -->
</testng-results>
